cabal: Entering directory '/tmp/cabal-tmp-17028/primitive-0.6.3.0'
Configuring primitive-0.6.3.0...
Preprocessing library for primitive-0.6.3.0..
Building library for primitive-0.6.3.0..
[ 1 of 12] Compiling Control.Monad.Primitive ( Control/Monad/Primitive.hs, dist/dist-sandbox-146b36c0/build/Control/Monad/Primitive.o )

Control/Monad/Primitive.hs:48:1: warning: [-Wdeprecations]
    Module ‘Control.Monad.Trans.Error’ is deprecated:
      Use Control.Monad.Trans.Except instead
   |
48 | import Control.Monad.Trans.Error    ( ErrorT, Error)
   | ^^^^^^^^^^^^^^^^^^^^^^^^^^^^^^^^^^^^^^^^^^^^^^^^^^^^

Control/Monad/Primitive.hs:119:11: warning: [-Wdeprecations]
    In the use of type constructor or class ‘Error’
    (imported from Control.Monad.Trans.Error):
    Deprecated: "Use Control.Monad.Trans.Except instead"
    |
119 | instance (Error e, PrimMonad m) => PrimMonad (ErrorT e m) where
    |           ^^^^^

Control/Monad/Primitive.hs:119:47: warning: [-Wdeprecations]
    In the use of type constructor or class ‘ErrorT’
    (imported from Control.Monad.Trans.Error):
    Deprecated: "Use Control.Monad.Trans.Except instead"
    |
119 | instance (Error e, PrimMonad m) => PrimMonad (ErrorT e m) where
    |                                               ^^^^^^

Control/Monad/Primitive.hs:120:19: warning: [-Wdeprecations]
    In the use of type constructor or class ‘ErrorT’
    (imported from Control.Monad.Trans.Error):
    Deprecated: "Use Control.Monad.Trans.Except instead"
    |
120 |   type PrimState (ErrorT e m) = PrimState m
    |                   ^^^^^^
[ 2 of 12] Compiling Data.Primitive.Internal.Compat ( Data/Primitive/Internal/Compat.hs, dist/dist-sandbox-146b36c0/build/Data/Primitive/Internal/Compat.o )
[ 3 of 12] Compiling Data.Primitive.Array ( Data/Primitive/Array.hs, dist/dist-sandbox-146b36c0/build/Data/Primitive/Array.o )
[ 4 of 12] Compiling Data.Primitive.MachDeps ( Data/Primitive/MachDeps.hs, dist/dist-sandbox-146b36c0/build/Data/Primitive/MachDeps.o )
[ 5 of 12] Compiling Data.Primitive.Internal.Operations ( Data/Primitive/Internal/Operations.hs, dist/dist-sandbox-146b36c0/build/Data/Primitive/Internal/Operations.o )
[ 6 of 12] Compiling Data.Primitive.MutVar ( Data/Primitive/MutVar.hs, dist/dist-sandbox-146b36c0/build/Data/Primitive/MutVar.o )
[ 7 of 12] Compiling Data.Primitive.SmallArray ( Data/Primitive/SmallArray.hs, dist/dist-sandbox-146b36c0/build/Data/Primitive/SmallArray.o )
[ 8 of 12] Compiling Data.Primitive.Types ( Data/Primitive/Types.hs, dist/dist-sandbox-146b36c0/build/Data/Primitive/Types.o )
[ 9 of 12] Compiling Data.Primitive.ByteArray ( Data/Primitive/ByteArray.hs, dist/dist-sandbox-146b36c0/build/Data/Primitive/ByteArray.o )
[10 of 12] Compiling Data.Primitive.Addr ( Data/Primitive/Addr.hs, dist/dist-sandbox-146b36c0/build/Data/Primitive/Addr.o )
[11 of 12] Compiling Data.Primitive   ( Data/Primitive.hs, dist/dist-sandbox-146b36c0/build/Data/Primitive.o )
[12 of 12] Compiling Data.Primitive.UnliftedArray ( Data/Primitive/UnliftedArray.hs, dist/dist-sandbox-146b36c0/build/Data/Primitive/UnliftedArray.o )
Installing library in /home/la1/Documents/MasterThesis/aiw2/.cabal-sandbox/lib/x86_64-linux-ghc-8.2.2/primitive-0.6.3.0-CXy1O9sQYlI58rn9KQkFyo
cabal: Leaving directory '/tmp/cabal-tmp-17028/primitive-0.6.3.0'
