cabal: Entering directory '/tmp/cabal-tmp-17028/QuickCheck-2.11.3'
Configuring QuickCheck-2.11.3...
Preprocessing library for QuickCheck-2.11.3..
Building library for QuickCheck-2.11.3..
[ 1 of 15] Compiling Test.QuickCheck.Exception ( Test/QuickCheck/Exception.hs, dist/dist-sandbox-146b36c0/build/Test/QuickCheck/Exception.o )
[ 2 of 15] Compiling Test.QuickCheck.Random ( Test/QuickCheck/Random.hs, dist/dist-sandbox-146b36c0/build/Test/QuickCheck/Random.o )
[ 3 of 15] Compiling Test.QuickCheck.Gen ( Test/QuickCheck/Gen.hs, dist/dist-sandbox-146b36c0/build/Test/QuickCheck/Gen.o )
[ 4 of 15] Compiling Test.QuickCheck.Gen.Unsafe ( Test/QuickCheck/Gen/Unsafe.hs, dist/dist-sandbox-146b36c0/build/Test/QuickCheck/Gen/Unsafe.o )
[ 5 of 15] Compiling Test.QuickCheck.Arbitrary ( Test/QuickCheck/Arbitrary.hs, dist/dist-sandbox-146b36c0/build/Test/QuickCheck/Arbitrary.o )
[ 6 of 15] Compiling Test.QuickCheck.Poly ( Test/QuickCheck/Poly.hs, dist/dist-sandbox-146b36c0/build/Test/QuickCheck/Poly.o )
[ 7 of 15] Compiling Test.QuickCheck.Modifiers ( Test/QuickCheck/Modifiers.hs, dist/dist-sandbox-146b36c0/build/Test/QuickCheck/Modifiers.o )
[ 8 of 15] Compiling Test.QuickCheck.Function ( Test/QuickCheck/Function.hs, dist/dist-sandbox-146b36c0/build/Test/QuickCheck/Function.o )
[ 9 of 15] Compiling Test.QuickCheck.Text ( Test/QuickCheck/Text.hs, dist/dist-sandbox-146b36c0/build/Test/QuickCheck/Text.o )
[10 of 15] Compiling Test.QuickCheck.State ( Test/QuickCheck/State.hs, dist/dist-sandbox-146b36c0/build/Test/QuickCheck/State.o )
[11 of 15] Compiling Test.QuickCheck.Property ( Test/QuickCheck/Property.hs, dist/dist-sandbox-146b36c0/build/Test/QuickCheck/Property.o )
[12 of 15] Compiling Test.QuickCheck.Test ( Test/QuickCheck/Test.hs, dist/dist-sandbox-146b36c0/build/Test/QuickCheck/Test.o )
[13 of 15] Compiling Test.QuickCheck.Monadic ( Test/QuickCheck/Monadic.hs, dist/dist-sandbox-146b36c0/build/Test/QuickCheck/Monadic.o )
[14 of 15] Compiling Test.QuickCheck.All ( Test/QuickCheck/All.hs, dist/dist-sandbox-146b36c0/build/Test/QuickCheck/All.o )
[15 of 15] Compiling Test.QuickCheck  ( Test/QuickCheck.hs, dist/dist-sandbox-146b36c0/build/Test/QuickCheck.o )
Installing library in /home/la1/Documents/MasterThesis/aiw2/.cabal-sandbox/lib/x86_64-linux-ghc-8.2.2/QuickCheck-2.11.3-19mdm5lhmxMFf4AANg83KE
cabal: Leaving directory '/tmp/cabal-tmp-17028/QuickCheck-2.11.3'
